
**** Build of configuration Debug for project test ****

"D:\\Texas Instruments\\ccs\\utils\\bin\\gmake" -k -j 8 all -O 
 
Building file: "../main.c"
Invoking: MSP430 Compiler
"D:/Texas Instruments/ccs/tools/compiler/ti-cgt-msp430_18.12.2.LTS/bin/cl430" -vmspx --use_hw_mpy=F5 --include_path="D:/Texas Instruments/ccs/ccs_base/msp430/include" --include_path="D:/Texas Instruments/Projects/test" --include_path="D:/Texas Instruments/ccs/tools/compiler/ti-cgt-msp430_18.12.2.LTS/include" --advice:power=all --define=__MSP430FR5739__ --define=_MPU_ENABLE -g --printf_support=minimal --diag_warning=225 --diag_wrap=off --display_error_number --silicon_errata=CPU21 --silicon_errata=CPU22 --silicon_errata=CPU40 --preproc_with_compile --preproc_dependency="main.d_raw"  "../main.c"
 
>> Compilation failure
subdir_rules.mk:9: recipe for target 'main.obj' failed
"../main.c", line 20: error #29: expected an expression
"../main.c", line 20: error #20: identifier "i" is undefined
"../main.c", line 24: warning #112-D: statement is unreachable
"../main.c", line 20: remark #1527-D: (ULP 2.1) Detected SW delay loop using __no_operation. Recommend using a timer module instead
2 errors detected in the compilation of "../main.c".
gmake: *** [main.obj] Error 1
gmake: Target 'all' not remade because of errors.

**** Build Finished ****

**** Build of configuration Debug for project test ****

"D:\\Texas Instruments\\ccs\\utils\\bin\\gmake" -k -j 8 all -O 
 
Building file: "../main.c"
Invoking: MSP430 Compiler
"D:/Texas Instruments/ccs/tools/compiler/ti-cgt-msp430_18.12.2.LTS/bin/cl430" -vmspx --use_hw_mpy=F5 --include_path="D:/Texas Instruments/ccs/ccs_base/msp430/include" --include_path="D:/Texas Instruments/Projects/test" --include_path="D:/Texas Instruments/ccs/tools/compiler/ti-cgt-msp430_18.12.2.LTS/include" --advice:power=all --define=__MSP430FR5739__ --define=_MPU_ENABLE -g --printf_support=minimal --diag_warning=225 --diag_wrap=off --display_error_number --silicon_errata=CPU21 --silicon_errata=CPU22 --silicon_errata=CPU40 --preproc_with_compile --preproc_dependency="main.d_raw"  "../main.c"
"../main.c", line 25: warning #112-D: statement is unreachable
"../main.c", line 21: remark #1544-D: (ULP 13.1) Detected loop counting up. Recommend loops count down as detecting zeros is easier
"../main.c", line 21: remark #1527-D: (ULP 2.1) Detected SW delay loop using __no_operation. Recommend using a timer module instead
Finished building: "../main.c"
 
Building target: "test.out"
Invoking: MSP430 Linker
"D:/Texas Instruments/ccs/tools/compiler/ti-cgt-msp430_18.12.2.LTS/bin/cl430" -vmspx --use_hw_mpy=F5 --advice:power=all --define=__MSP430FR5739__ --define=_MPU_ENABLE -g --printf_support=minimal --diag_warning=225 --diag_wrap=off --display_error_number --silicon_errata=CPU21 --silicon_errata=CPU22 --silicon_errata=CPU40 -z -m"test.map" --heap_size=160 --stack_size=160 --cinit_hold_wdt=on -i"D:/Texas Instruments/ccs/ccs_base/msp430/include" -i"D:/Texas Instruments/ccs/ccs_base/msp430/lib/5xx_6xx_FRxx" -i"D:/Texas Instruments/ccs/ccs_base/msp430/lib/FR57xx" -i"D:/Texas Instruments/ccs/tools/compiler/ti-cgt-msp430_18.12.2.LTS/lib" -i"D:/Texas Instruments/ccs/tools/compiler/ti-cgt-msp430_18.12.2.LTS/include" --priority --reread_libs --define=_MPU_ENABLE --diag_wrap=off --display_error_number --warn_sections --xml_link_info="test_linkInfo.xml" --use_hw_mpy=F5 --rom_model -o "test.out" "./main.obj" "../lnk_msp430fr5739.cmd"  -llibmpu_init_fr57xx.a -llibmath.a -llibc.a 
<Linking>
remark #10371-D: (ULP 1.1) Detected no uses of low power mode state changing instructions
remark #10372-D: (ULP 4.1) Detected uninitialized Port A in this project. Recommend initializing all unused ports to eliminate wasted current consumption on unused pins.
remark #10372-D: (ULP 4.1) Detected uninitialized Port B in this project. Recommend initializing all unused ports to eliminate wasted current consumption on unused pins.
Finished building target: "test.out"
 

**** Build Finished ****

**** Build of configuration Debug for project test ****

"D:\\Texas Instruments\\ccs\\utils\\bin\\gmake" -k -j 8 all -O 
 
gmake[1]: 'test.out' is up to date.

**** Build Finished ****

**** Build of configuration Debug for project test ****

"D:\\Texas Instruments\\ccs\\utils\\bin\\gmake" -k -j 8 all -O 
 
Building file: "../main.c"
Invoking: MSP430 Compiler
"D:/Texas Instruments/ccs/tools/compiler/ti-cgt-msp430_18.12.2.LTS/bin/cl430" -vmspx --use_hw_mpy=F5 --include_path="D:/Texas Instruments/ccs/ccs_base/msp430/include" --include_path="D:/Texas Instruments/Projects/test" --include_path="D:/Texas Instruments/ccs/tools/compiler/ti-cgt-msp430_18.12.2.LTS/include" --advice:power=all --define=__MSP430FR5739__ --define=_MPU_ENABLE -g --printf_support=minimal --diag_warning=225 --diag_wrap=off --display_error_number --silicon_errata=CPU21 --silicon_errata=CPU22 --silicon_errata=CPU40 --preproc_with_compile --preproc_dependency="main.d_raw"  "../main.c"
 
>> Compilation failure
subdir_rules.mk:9: recipe for target 'main.obj' failed
"../main.c", line 2: fatal error #1965: cannot open source file "mps430fr5739.h"
1 catastrophic error detected in the compilation of "../main.c".
Compilation terminated.
gmake: *** [main.obj] Error 1
gmake: Target 'all' not remade because of errors.

**** Build Finished ****

**** Build of configuration Debug for project test ****

"D:\\Texas Instruments\\ccs\\utils\\bin\\gmake" -k -j 8 all -O 
 
Building file: "../main.c"
Invoking: MSP430 Compiler
"D:/Texas Instruments/ccs/tools/compiler/ti-cgt-msp430_18.12.2.LTS/bin/cl430" -vmspx --use_hw_mpy=F5 --include_path="D:/Texas Instruments/ccs/ccs_base/msp430/include" --include_path="D:/Texas Instruments/Projects/test" --include_path="D:/Texas Instruments/ccs/tools/compiler/ti-cgt-msp430_18.12.2.LTS/include" --advice:power=all --define=__MSP430FR5739__ --define=_MPU_ENABLE -g --printf_support=minimal --diag_warning=225 --diag_wrap=off --display_error_number --silicon_errata=CPU21 --silicon_errata=CPU22 --silicon_errata=CPU40 --preproc_with_compile --preproc_dependency="main.d_raw"  "../main.c"
"../main.c", line 24: warning #112-D: statement is unreachable
"../main.c", line 20: remark #1544-D: (ULP 13.1) Detected loop counting up. Recommend loops count down as detecting zeros is easier
"../main.c", line 20: remark #1527-D: (ULP 2.1) Detected SW delay loop using __no_operation. Recommend using a timer module instead
Finished building: "../main.c"
 
Building target: "test.out"
Invoking: MSP430 Linker
"D:/Texas Instruments/ccs/tools/compiler/ti-cgt-msp430_18.12.2.LTS/bin/cl430" -vmspx --use_hw_mpy=F5 --advice:power=all --define=__MSP430FR5739__ --define=_MPU_ENABLE -g --printf_support=minimal --diag_warning=225 --diag_wrap=off --display_error_number --silicon_errata=CPU21 --silicon_errata=CPU22 --silicon_errata=CPU40 -z -m"test.map" --heap_size=160 --stack_size=160 --cinit_hold_wdt=on -i"D:/Texas Instruments/ccs/ccs_base/msp430/include" -i"D:/Texas Instruments/ccs/ccs_base/msp430/lib/5xx_6xx_FRxx" -i"D:/Texas Instruments/ccs/ccs_base/msp430/lib/FR57xx" -i"D:/Texas Instruments/ccs/tools/compiler/ti-cgt-msp430_18.12.2.LTS/lib" -i"D:/Texas Instruments/ccs/tools/compiler/ti-cgt-msp430_18.12.2.LTS/include" --priority --reread_libs --define=_MPU_ENABLE --diag_wrap=off --display_error_number --warn_sections --xml_link_info="test_linkInfo.xml" --use_hw_mpy=F5 --rom_model -o "test.out" "./main.obj" "../lnk_msp430fr5739.cmd"  -llibmpu_init_fr57xx.a -llibmath.a -llibc.a 
<Linking>
remark #10371-D: (ULP 1.1) Detected no uses of low power mode state changing instructions
remark #10372-D: (ULP 4.1) Detected uninitialized Port A in this project. Recommend initializing all unused ports to eliminate wasted current consumption on unused pins.
remark #10372-D: (ULP 4.1) Detected uninitialized Port B in this project. Recommend initializing all unused ports to eliminate wasted current consumption on unused pins.
Finished building target: "test.out"
 

**** Build Finished ****

**** Build of configuration Debug for project test ****

"D:\\Texas Instruments\\ccs\\utils\\bin\\gmake" -k -j 8 all -O 
 
Building file: "../main.c"
Invoking: MSP430 Compiler
"D:/Texas Instruments/ccs/tools/compiler/ti-cgt-msp430_18.12.2.LTS/bin/cl430" -vmspx --use_hw_mpy=F5 --include_path="D:/Texas Instruments/ccs/ccs_base/msp430/include" --include_path="D:/Texas Instruments/Projects/test" --include_path="D:/Texas Instruments/ccs/tools/compiler/ti-cgt-msp430_18.12.2.LTS/include" --advice:power=all --define=__MSP430FR5739__ --define=_MPU_ENABLE -g --printf_support=minimal --diag_warning=225 --diag_wrap=off --display_error_number --silicon_errata=CPU21 --silicon_errata=CPU22 --silicon_errata=CPU40 --preproc_with_compile --preproc_dependency="main.d_raw"  "../main.c"
"../main.c", line 24: warning #112-D: statement is unreachable
"../main.c", line 20: remark #1544-D: (ULP 13.1) Detected loop counting up. Recommend loops count down as detecting zeros is easier
"../main.c", line 20: remark #1527-D: (ULP 2.1) Detected SW delay loop using __no_operation. Recommend using a timer module instead
Finished building: "../main.c"
 
Building target: "test.out"
Invoking: MSP430 Linker
"D:/Texas Instruments/ccs/tools/compiler/ti-cgt-msp430_18.12.2.LTS/bin/cl430" -vmspx --use_hw_mpy=F5 --advice:power=all --define=__MSP430FR5739__ --define=_MPU_ENABLE -g --printf_support=minimal --diag_warning=225 --diag_wrap=off --display_error_number --silicon_errata=CPU21 --silicon_errata=CPU22 --silicon_errata=CPU40 -z -m"test.map" --heap_size=160 --stack_size=160 --cinit_hold_wdt=on -i"D:/Texas Instruments/ccs/ccs_base/msp430/include" -i"D:/Texas Instruments/ccs/ccs_base/msp430/lib/5xx_6xx_FRxx" -i"D:/Texas Instruments/ccs/ccs_base/msp430/lib/FR57xx" -i"D:/Texas Instruments/ccs/tools/compiler/ti-cgt-msp430_18.12.2.LTS/lib" -i"D:/Texas Instruments/ccs/tools/compiler/ti-cgt-msp430_18.12.2.LTS/include" --priority --reread_libs --define=_MPU_ENABLE --diag_wrap=off --display_error_number --warn_sections --xml_link_info="test_linkInfo.xml" --use_hw_mpy=F5 --rom_model -o "test.out" "./main.obj" "../lnk_msp430fr5739.cmd"  -llibmpu_init_fr57xx.a -llibmath.a -llibc.a 
<Linking>
remark #10371-D: (ULP 1.1) Detected no uses of low power mode state changing instructions
remark #10372-D: (ULP 4.1) Detected uninitialized Port A in this project. Recommend initializing all unused ports to eliminate wasted current consumption on unused pins.
remark #10372-D: (ULP 4.1) Detected uninitialized Port B in this project. Recommend initializing all unused ports to eliminate wasted current consumption on unused pins.
Finished building target: "test.out"
 

**** Build Finished ****

**** Build of configuration Debug for project test ****

"D:\\Texas Instruments\\ccs\\utils\\bin\\gmake" -k -j 8 all -O 
 
gmake[1]: 'test.out' is up to date.

**** Build Finished ****

**** Build of configuration Debug for project test ****

"D:\\Texas Instruments\\ccs\\utils\\bin\\gmake" -k -j 8 all -O 
 
Building file: "../main.c"
Invoking: MSP430 Compiler
"D:/Texas Instruments/ccs/tools/compiler/ti-cgt-msp430_18.12.2.LTS/bin/cl430" -vmspx --use_hw_mpy=F5 --include_path="D:/Texas Instruments/ccs/ccs_base/msp430/include" --include_path="D:/Texas Instruments/Projects/test" --include_path="D:/Texas Instruments/ccs/tools/compiler/ti-cgt-msp430_18.12.2.LTS/include" --advice:power=all --define=__MSP430FR5739__ --define=_MPU_ENABLE -g --printf_support=minimal --diag_warning=225 --diag_wrap=off --display_error_number --silicon_errata=CPU21 --silicon_errata=CPU22 --silicon_errata=CPU40 --preproc_with_compile --preproc_dependency="main.d_raw"  "../main.c"
"../main.c", line 24: warning #112-D: statement is unreachable
"../main.c", line 20: remark #1544-D: (ULP 13.1) Detected loop counting up. Recommend loops count down as detecting zeros is easier
"../main.c", line 20: remark #1527-D: (ULP 2.1) Detected SW delay loop using __no_operation. Recommend using a timer module instead
Finished building: "../main.c"
 
Building target: "test.out"
Invoking: MSP430 Linker
"D:/Texas Instruments/ccs/tools/compiler/ti-cgt-msp430_18.12.2.LTS/bin/cl430" -vmspx --use_hw_mpy=F5 --advice:power=all --define=__MSP430FR5739__ --define=_MPU_ENABLE -g --printf_support=minimal --diag_warning=225 --diag_wrap=off --display_error_number --silicon_errata=CPU21 --silicon_errata=CPU22 --silicon_errata=CPU40 -z -m"test.map" --heap_size=160 --stack_size=160 --cinit_hold_wdt=on -i"D:/Texas Instruments/ccs/ccs_base/msp430/include" -i"D:/Texas Instruments/ccs/ccs_base/msp430/lib/5xx_6xx_FRxx" -i"D:/Texas Instruments/ccs/ccs_base/msp430/lib/FR57xx" -i"D:/Texas Instruments/ccs/tools/compiler/ti-cgt-msp430_18.12.2.LTS/lib" -i"D:/Texas Instruments/ccs/tools/compiler/ti-cgt-msp430_18.12.2.LTS/include" --priority --reread_libs --define=_MPU_ENABLE --diag_wrap=off --display_error_number --warn_sections --xml_link_info="test_linkInfo.xml" --use_hw_mpy=F5 --rom_model -o "test.out" "./main.obj" "../lnk_msp430fr5739.cmd"  -llibmpu_init_fr57xx.a -llibmath.a -llibc.a 
<Linking>
remark #10371-D: (ULP 1.1) Detected no uses of low power mode state changing instructions
remark #10372-D: (ULP 4.1) Detected uninitialized Port A in this project. Recommend initializing all unused ports to eliminate wasted current consumption on unused pins.
remark #10372-D: (ULP 4.1) Detected uninitialized Port B in this project. Recommend initializing all unused ports to eliminate wasted current consumption on unused pins.
Finished building target: "test.out"
 

**** Build Finished ****

**** Build of configuration Debug for project test ****

"D:\\Texas Instruments\\ccs\\utils\\bin\\gmake" -k -j 8 all -O 
 
Building file: "../main.c"
Invoking: MSP430 Compiler
"D:/Texas Instruments/ccs/tools/compiler/ti-cgt-msp430_18.12.2.LTS/bin/cl430" -vmspx --use_hw_mpy=F5 --include_path="D:/Texas Instruments/ccs/ccs_base/msp430/include" --include_path="D:/Texas Instruments/Projects/test" --include_path="D:/Texas Instruments/ccs/tools/compiler/ti-cgt-msp430_18.12.2.LTS/include" --advice:power=all --define=__MSP430FR5739__ --define=_MPU_ENABLE -g --printf_support=minimal --diag_warning=225 --diag_wrap=off --display_error_number --silicon_errata=CPU21 --silicon_errata=CPU22 --silicon_errata=CPU40 --preproc_with_compile --preproc_dependency="main.d_raw"  "../main.c"
"../main.c", line 24: warning #112-D: statement is unreachable
"../main.c", line 20: remark #1544-D: (ULP 13.1) Detected loop counting up. Recommend loops count down as detecting zeros is easier
"../main.c", line 20: remark #1527-D: (ULP 2.1) Detected SW delay loop using __no_operation. Recommend using a timer module instead
Finished building: "../main.c"
 
Building target: "test.out"
Invoking: MSP430 Linker
"D:/Texas Instruments/ccs/tools/compiler/ti-cgt-msp430_18.12.2.LTS/bin/cl430" -vmspx --use_hw_mpy=F5 --advice:power=all --define=__MSP430FR5739__ --define=_MPU_ENABLE -g --printf_support=minimal --diag_warning=225 --diag_wrap=off --display_error_number --silicon_errata=CPU21 --silicon_errata=CPU22 --silicon_errata=CPU40 -z -m"test.map" --heap_size=160 --stack_size=160 --cinit_hold_wdt=on -i"D:/Texas Instruments/ccs/ccs_base/msp430/include" -i"D:/Texas Instruments/ccs/ccs_base/msp430/lib/5xx_6xx_FRxx" -i"D:/Texas Instruments/ccs/ccs_base/msp430/lib/FR57xx" -i"D:/Texas Instruments/ccs/tools/compiler/ti-cgt-msp430_18.12.2.LTS/lib" -i"D:/Texas Instruments/ccs/tools/compiler/ti-cgt-msp430_18.12.2.LTS/include" --priority --reread_libs --define=_MPU_ENABLE --diag_wrap=off --display_error_number --warn_sections --xml_link_info="test_linkInfo.xml" --use_hw_mpy=F5 --rom_model -o "test.out" "./main.obj" "../lnk_msp430fr5739.cmd"  -llibmpu_init_fr57xx.a -llibmath.a -llibc.a 
<Linking>
remark #10371-D: (ULP 1.1) Detected no uses of low power mode state changing instructions
remark #10372-D: (ULP 4.1) Detected uninitialized Port A in this project. Recommend initializing all unused ports to eliminate wasted current consumption on unused pins.
remark #10372-D: (ULP 4.1) Detected uninitialized Port B in this project. Recommend initializing all unused ports to eliminate wasted current consumption on unused pins.
Finished building target: "test.out"
 

**** Build Finished ****

**** Build of configuration Debug for project test ****

"D:\\Texas Instruments\\ccs\\utils\\bin\\gmake" -k -j 8 all -O 
 
Building file: "../main.c"
Invoking: MSP430 Compiler
"D:/Texas Instruments/ccs/tools/compiler/ti-cgt-msp430_18.12.2.LTS/bin/cl430" -vmspx --use_hw_mpy=F5 --include_path="D:/Texas Instruments/ccs/ccs_base/msp430/include" --include_path="D:/Texas Instruments/Projects/test" --include_path="D:/Texas Instruments/ccs/tools/compiler/ti-cgt-msp430_18.12.2.LTS/include" --advice:power=all --define=__MSP430FR5739__ --define=_MPU_ENABLE -g --printf_support=minimal --diag_warning=225 --diag_wrap=off --display_error_number --silicon_errata=CPU21 --silicon_errata=CPU22 --silicon_errata=CPU40 --preproc_with_compile --preproc_dependency="main.d_raw"  "../main.c"
"../main.c", line 27: warning #112-D: statement is unreachable
"../main.c", line 23: remark #1544-D: (ULP 13.1) Detected loop counting up. Recommend loops count down as detecting zeros is easier
"../main.c", line 23: remark #1527-D: (ULP 2.1) Detected SW delay loop using __no_operation. Recommend using a timer module instead
Finished building: "../main.c"
 
Building target: "test.out"
Invoking: MSP430 Linker
"D:/Texas Instruments/ccs/tools/compiler/ti-cgt-msp430_18.12.2.LTS/bin/cl430" -vmspx --use_hw_mpy=F5 --advice:power=all --define=__MSP430FR5739__ --define=_MPU_ENABLE -g --printf_support=minimal --diag_warning=225 --diag_wrap=off --display_error_number --silicon_errata=CPU21 --silicon_errata=CPU22 --silicon_errata=CPU40 -z -m"test.map" --heap_size=160 --stack_size=160 --cinit_hold_wdt=on -i"D:/Texas Instruments/ccs/ccs_base/msp430/include" -i"D:/Texas Instruments/ccs/ccs_base/msp430/lib/5xx_6xx_FRxx" -i"D:/Texas Instruments/ccs/ccs_base/msp430/lib/FR57xx" -i"D:/Texas Instruments/ccs/tools/compiler/ti-cgt-msp430_18.12.2.LTS/lib" -i"D:/Texas Instruments/ccs/tools/compiler/ti-cgt-msp430_18.12.2.LTS/include" --priority --reread_libs --define=_MPU_ENABLE --diag_wrap=off --display_error_number --warn_sections --xml_link_info="test_linkInfo.xml" --use_hw_mpy=F5 --rom_model -o "test.out" "./main.obj" "../lnk_msp430fr5739.cmd"  -llibmpu_init_fr57xx.a -llibmath.a -llibc.a 
<Linking>
remark #10371-D: (ULP 1.1) Detected no uses of low power mode state changing instructions
remark #10372-D: (ULP 4.1) Detected uninitialized Port A in this project. Recommend initializing all unused ports to eliminate wasted current consumption on unused pins.
remark #10372-D: (ULP 4.1) Detected uninitialized Port B in this project. Recommend initializing all unused ports to eliminate wasted current consumption on unused pins.
Finished building target: "test.out"
 

**** Build Finished ****

**** Build of configuration Debug for project test ****

"D:\\Texas Instruments\\ccs\\utils\\bin\\gmake" -k -j 8 all -O 
 
Building file: "../main.c"
Invoking: MSP430 Compiler
"D:/Texas Instruments/ccs/tools/compiler/ti-cgt-msp430_18.12.2.LTS/bin/cl430" -vmspx --use_hw_mpy=F5 --include_path="D:/Texas Instruments/ccs/ccs_base/msp430/include" --include_path="D:/Texas Instruments/Projects/test" --include_path="D:/Texas Instruments/ccs/tools/compiler/ti-cgt-msp430_18.12.2.LTS/include" --advice:power=all --define=__MSP430FR5739__ --define=_MPU_ENABLE -g --printf_support=minimal --diag_warning=225 --diag_wrap=off --display_error_number --silicon_errata=CPU21 --silicon_errata=CPU22 --silicon_errata=CPU40 --preproc_with_compile --preproc_dependency="main.d_raw"  "../main.c"
"../main.c", line 27: warning #112-D: statement is unreachable
"../main.c", line 22: remark #1544-D: (ULP 13.1) Detected loop counting up. Recommend loops count down as detecting zeros is easier
"../main.c", line 22: remark #1527-D: (ULP 2.1) Detected SW delay loop using __no_operation. Recommend using a timer module instead
Finished building: "../main.c"
 
Building target: "test.out"
Invoking: MSP430 Linker
"D:/Texas Instruments/ccs/tools/compiler/ti-cgt-msp430_18.12.2.LTS/bin/cl430" -vmspx --use_hw_mpy=F5 --advice:power=all --define=__MSP430FR5739__ --define=_MPU_ENABLE -g --printf_support=minimal --diag_warning=225 --diag_wrap=off --display_error_number --silicon_errata=CPU21 --silicon_errata=CPU22 --silicon_errata=CPU40 -z -m"test.map" --heap_size=160 --stack_size=160 --cinit_hold_wdt=on -i"D:/Texas Instruments/ccs/ccs_base/msp430/include" -i"D:/Texas Instruments/ccs/ccs_base/msp430/lib/5xx_6xx_FRxx" -i"D:/Texas Instruments/ccs/ccs_base/msp430/lib/FR57xx" -i"D:/Texas Instruments/ccs/tools/compiler/ti-cgt-msp430_18.12.2.LTS/lib" -i"D:/Texas Instruments/ccs/tools/compiler/ti-cgt-msp430_18.12.2.LTS/include" --priority --reread_libs --define=_MPU_ENABLE --diag_wrap=off --display_error_number --warn_sections --xml_link_info="test_linkInfo.xml" --use_hw_mpy=F5 --rom_model -o "test.out" "./main.obj" "../lnk_msp430fr5739.cmd"  -llibmpu_init_fr57xx.a -llibmath.a -llibc.a 
<Linking>
remark #10371-D: (ULP 1.1) Detected no uses of low power mode state changing instructions
remark #10372-D: (ULP 4.1) Detected uninitialized Port A in this project. Recommend initializing all unused ports to eliminate wasted current consumption on unused pins.
remark #10372-D: (ULP 4.1) Detected uninitialized Port B in this project. Recommend initializing all unused ports to eliminate wasted current consumption on unused pins.
Finished building target: "test.out"
 

**** Build Finished ****

**** Build of configuration Debug for project test ****

"D:\\Texas Instruments\\ccs\\utils\\bin\\gmake" -k -j 8 all -O 
 
Building file: "../main.c"
Invoking: MSP430 Compiler
"D:/Texas Instruments/ccs/tools/compiler/ti-cgt-msp430_18.12.2.LTS/bin/cl430" -vmspx --use_hw_mpy=F5 --include_path="D:/Texas Instruments/ccs/ccs_base/msp430/include" --include_path="D:/Texas Instruments/Projects/test" --include_path="D:/Texas Instruments/ccs/tools/compiler/ti-cgt-msp430_18.12.2.LTS/include" --advice:power=all --define=__MSP430FR5739__ --define=_MPU_ENABLE -g --printf_support=minimal --diag_warning=225 --diag_wrap=off --display_error_number --silicon_errata=CPU21 --silicon_errata=CPU22 --silicon_errata=CPU40 --preproc_with_compile --preproc_dependency="main.d_raw"  "../main.c"
"../main.c", line 39: warning #112-D: statement is unreachable
"../main.c", line 28: remark #1544-D: (ULP 13.1) Detected loop counting up. Recommend loops count down as detecting zeros is easier
"../main.c", line 28: remark #1527-D: (ULP 2.1) Detected SW delay loop using __no_operation. Recommend using a timer module instead
"../main.c", line 31: remark #1544-D: (ULP 13.1) Detected loop counting up. Recommend loops count down as detecting zeros is easier
"../main.c", line 31: remark #1527-D: (ULP 2.1) Detected SW delay loop using __no_operation. Recommend using a timer module instead
"../main.c", line 34: remark #1544-D: (ULP 13.1) Detected loop counting up. Recommend loops count down as detecting zeros is easier
"../main.c", line 34: remark #1527-D: (ULP 2.1) Detected SW delay loop using __no_operation. Recommend using a timer module instead
Finished building: "../main.c"
 
Building target: "test.out"
Invoking: MSP430 Linker
"D:/Texas Instruments/ccs/tools/compiler/ti-cgt-msp430_18.12.2.LTS/bin/cl430" -vmspx --use_hw_mpy=F5 --advice:power=all --define=__MSP430FR5739__ --define=_MPU_ENABLE -g --printf_support=minimal --diag_warning=225 --diag_wrap=off --display_error_number --silicon_errata=CPU21 --silicon_errata=CPU22 --silicon_errata=CPU40 -z -m"test.map" --heap_size=160 --stack_size=160 --cinit_hold_wdt=on -i"D:/Texas Instruments/ccs/ccs_base/msp430/include" -i"D:/Texas Instruments/ccs/ccs_base/msp430/lib/5xx_6xx_FRxx" -i"D:/Texas Instruments/ccs/ccs_base/msp430/lib/FR57xx" -i"D:/Texas Instruments/ccs/tools/compiler/ti-cgt-msp430_18.12.2.LTS/lib" -i"D:/Texas Instruments/ccs/tools/compiler/ti-cgt-msp430_18.12.2.LTS/include" --priority --reread_libs --define=_MPU_ENABLE --diag_wrap=off --display_error_number --warn_sections --xml_link_info="test_linkInfo.xml" --use_hw_mpy=F5 --rom_model -o "test.out" "./main.obj" "../lnk_msp430fr5739.cmd"  -llibmpu_init_fr57xx.a -llibmath.a -llibc.a 
<Linking>
remark #10371-D: (ULP 1.1) Detected no uses of low power mode state changing instructions
remark #10372-D: (ULP 4.1) Detected uninitialized Port A in this project. Recommend initializing all unused ports to eliminate wasted current consumption on unused pins.
remark #10372-D: (ULP 4.1) Detected uninitialized Port B in this project. Recommend initializing all unused ports to eliminate wasted current consumption on unused pins.
Finished building target: "test.out"
 

**** Build Finished ****

**** Build of configuration Debug for project test ****

"D:\\Texas Instruments\\ccs\\utils\\bin\\gmake" -k -j 8 all -O 
 
Building file: "../main.c"
Invoking: MSP430 Compiler
"D:/Texas Instruments/ccs/tools/compiler/ti-cgt-msp430_18.12.2.LTS/bin/cl430" -vmspx --use_hw_mpy=F5 --include_path="D:/Texas Instruments/ccs/ccs_base/msp430/include" --include_path="D:/Texas Instruments/Projects/test" --include_path="D:/Texas Instruments/ccs/tools/compiler/ti-cgt-msp430_18.12.2.LTS/include" --advice:power=all --define=__MSP430FR5739__ --define=_MPU_ENABLE -g --printf_support=minimal --diag_warning=225 --diag_wrap=off --display_error_number --silicon_errata=CPU21 --silicon_errata=CPU22 --silicon_errata=CPU40 --preproc_with_compile --preproc_dependency="main.d_raw"  "../main.c"
"../main.c", line 46: warning #112-D: statement is unreachable
"../main.c", line 31: remark #1544-D: (ULP 13.1) Detected loop counting up. Recommend loops count down as detecting zeros is easier
"../main.c", line 31: remark #1527-D: (ULP 2.1) Detected SW delay loop using __no_operation. Recommend using a timer module instead
Finished building: "../main.c"
 
Building target: "test.out"
Invoking: MSP430 Linker
"D:/Texas Instruments/ccs/tools/compiler/ti-cgt-msp430_18.12.2.LTS/bin/cl430" -vmspx --use_hw_mpy=F5 --advice:power=all --define=__MSP430FR5739__ --define=_MPU_ENABLE -g --printf_support=minimal --diag_warning=225 --diag_wrap=off --display_error_number --silicon_errata=CPU21 --silicon_errata=CPU22 --silicon_errata=CPU40 -z -m"test.map" --heap_size=160 --stack_size=160 --cinit_hold_wdt=on -i"D:/Texas Instruments/ccs/ccs_base/msp430/include" -i"D:/Texas Instruments/ccs/ccs_base/msp430/lib/5xx_6xx_FRxx" -i"D:/Texas Instruments/ccs/ccs_base/msp430/lib/FR57xx" -i"D:/Texas Instruments/ccs/tools/compiler/ti-cgt-msp430_18.12.2.LTS/lib" -i"D:/Texas Instruments/ccs/tools/compiler/ti-cgt-msp430_18.12.2.LTS/include" --priority --reread_libs --define=_MPU_ENABLE --diag_wrap=off --display_error_number --warn_sections --xml_link_info="test_linkInfo.xml" --use_hw_mpy=F5 --rom_model -o "test.out" "./main.obj" "../lnk_msp430fr5739.cmd"  -llibmpu_init_fr57xx.a -llibmath.a -llibc.a 
<Linking>
remark #10371-D: (ULP 1.1) Detected no uses of low power mode state changing instructions
remark #10372-D: (ULP 4.1) Detected uninitialized Port A in this project. Recommend initializing all unused ports to eliminate wasted current consumption on unused pins.
remark #10372-D: (ULP 4.1) Detected uninitialized Port B in this project. Recommend initializing all unused ports to eliminate wasted current consumption on unused pins.
Finished building target: "test.out"
 

**** Build Finished ****

**** Build of configuration Debug for project test ****

"D:\\Texas Instruments\\ccs\\utils\\bin\\gmake" -k -j 8 all -O 
 
Building file: "../main.c"
Invoking: MSP430 Compiler
"D:/Texas Instruments/ccs/tools/compiler/ti-cgt-msp430_18.12.2.LTS/bin/cl430" -vmspx --use_hw_mpy=F5 --include_path="D:/Texas Instruments/ccs/ccs_base/msp430/include" --include_path="D:/Texas Instruments/Projects/test" --include_path="D:/Texas Instruments/ccs/tools/compiler/ti-cgt-msp430_18.12.2.LTS/include" --advice:power=all --define=__MSP430FR5739__ --define=_MPU_ENABLE -g --printf_support=minimal --diag_warning=225 --diag_wrap=off --display_error_number --silicon_errata=CPU21 --silicon_errata=CPU22 --silicon_errata=CPU40 --preproc_with_compile --preproc_dependency="main.d_raw"  "../main.c"
"../main.c", line 60: warning #112-D: statement is unreachable
"../main.c", line 37: remark #1544-D: (ULP 13.1) Detected loop counting up. Recommend loops count down as detecting zeros is easier
"../main.c", line 37: remark #1527-D: (ULP 2.1) Detected SW delay loop using __no_operation. Recommend using a timer module instead
"../main.c", line 40: remark #1544-D: (ULP 13.1) Detected loop counting up. Recommend loops count down as detecting zeros is easier
"../main.c", line 40: remark #1527-D: (ULP 2.1) Detected SW delay loop using __no_operation. Recommend using a timer module instead
"../main.c", line 43: remark #1544-D: (ULP 13.1) Detected loop counting up. Recommend loops count down as detecting zeros is easier
"../main.c", line 43: remark #1527-D: (ULP 2.1) Detected SW delay loop using __no_operation. Recommend using a timer module instead
"../main.c", line 46: remark #1544-D: (ULP 13.1) Detected loop counting up. Recommend loops count down as detecting zeros is easier
"../main.c", line 46: remark #1527-D: (ULP 2.1) Detected SW delay loop using __no_operation. Recommend using a timer module instead
"../main.c", line 49: remark #1544-D: (ULP 13.1) Detected loop counting up. Recommend loops count down as detecting zeros is easier
"../main.c", line 49: remark #1527-D: (ULP 2.1) Detected SW delay loop using __no_operation. Recommend using a timer module instead
"../main.c", line 52: remark #1544-D: (ULP 13.1) Detected loop counting up. Recommend loops count down as detecting zeros is easier
"../main.c", line 52: remark #1527-D: (ULP 2.1) Detected SW delay loop using __no_operation. Recommend using a timer module instead
"../main.c", line 55: remark #1544-D: (ULP 13.1) Detected loop counting up. Recommend loops count down as detecting zeros is easier
"../main.c", line 55: remark #1527-D: (ULP 2.1) Detected SW delay loop using __no_operation. Recommend using a timer module instead
Finished building: "../main.c"
 
Building target: "test.out"
Invoking: MSP430 Linker
"D:/Texas Instruments/ccs/tools/compiler/ti-cgt-msp430_18.12.2.LTS/bin/cl430" -vmspx --use_hw_mpy=F5 --advice:power=all --define=__MSP430FR5739__ --define=_MPU_ENABLE -g --printf_support=minimal --diag_warning=225 --diag_wrap=off --display_error_number --silicon_errata=CPU21 --silicon_errata=CPU22 --silicon_errata=CPU40 -z -m"test.map" --heap_size=160 --stack_size=160 --cinit_hold_wdt=on -i"D:/Texas Instruments/ccs/ccs_base/msp430/include" -i"D:/Texas Instruments/ccs/ccs_base/msp430/lib/5xx_6xx_FRxx" -i"D:/Texas Instruments/ccs/ccs_base/msp430/lib/FR57xx" -i"D:/Texas Instruments/ccs/tools/compiler/ti-cgt-msp430_18.12.2.LTS/lib" -i"D:/Texas Instruments/ccs/tools/compiler/ti-cgt-msp430_18.12.2.LTS/include" --priority --reread_libs --define=_MPU_ENABLE --diag_wrap=off --display_error_number --warn_sections --xml_link_info="test_linkInfo.xml" --use_hw_mpy=F5 --rom_model -o "test.out" "./main.obj" "../lnk_msp430fr5739.cmd"  -llibmpu_init_fr57xx.a -llibmath.a -llibc.a 
<Linking>
remark #10371-D: (ULP 1.1) Detected no uses of low power mode state changing instructions
remark #10372-D: (ULP 4.1) Detected uninitialized Port A in this project. Recommend initializing all unused ports to eliminate wasted current consumption on unused pins.
remark #10372-D: (ULP 4.1) Detected uninitialized Port B in this project. Recommend initializing all unused ports to eliminate wasted current consumption on unused pins.
Finished building target: "test.out"
 

**** Build Finished ****

**** Build of configuration Debug for project test ****

"D:\\Texas Instruments\\ccs\\utils\\bin\\gmake" -k -j 8 all -O 
 
Building file: "../main.c"
Invoking: MSP430 Compiler
"D:/Texas Instruments/ccs/tools/compiler/ti-cgt-msp430_18.12.2.LTS/bin/cl430" -vmspx --use_hw_mpy=F5 --include_path="D:/Texas Instruments/ccs/ccs_base/msp430/include" --include_path="D:/Texas Instruments/Projects/test" --include_path="D:/Texas Instruments/ccs/tools/compiler/ti-cgt-msp430_18.12.2.LTS/include" --advice:power=all --define=__MSP430FR5739__ --define=_MPU_ENABLE -g --printf_support=minimal --diag_warning=225 --diag_wrap=off --display_error_number --silicon_errata=CPU21 --silicon_errata=CPU22 --silicon_errata=CPU40 --preproc_with_compile --preproc_dependency="main.d_raw"  "../main.c"
"../main.c", line 64: warning #112-D: statement is unreachable
"../main.c", line 37: remark #1544-D: (ULP 13.1) Detected loop counting up. Recommend loops count down as detecting zeros is easier
"../main.c", line 37: remark #1527-D: (ULP 2.1) Detected SW delay loop using __no_operation. Recommend using a timer module instead
"../main.c", line 41: remark #1544-D: (ULP 13.1) Detected loop counting up. Recommend loops count down as detecting zeros is easier
"../main.c", line 41: remark #1527-D: (ULP 2.1) Detected SW delay loop using __no_operation. Recommend using a timer module instead
"../main.c", line 45: remark #1544-D: (ULP 13.1) Detected loop counting up. Recommend loops count down as detecting zeros is easier
"../main.c", line 45: remark #1527-D: (ULP 2.1) Detected SW delay loop using __no_operation. Recommend using a timer module instead
"../main.c", line 49: remark #1544-D: (ULP 13.1) Detected loop counting up. Recommend loops count down as detecting zeros is easier
"../main.c", line 49: remark #1527-D: (ULP 2.1) Detected SW delay loop using __no_operation. Recommend using a timer module instead
Finished building: "../main.c"
 
Building target: "test.out"
Invoking: MSP430 Linker
"D:/Texas Instruments/ccs/tools/compiler/ti-cgt-msp430_18.12.2.LTS/bin/cl430" -vmspx --use_hw_mpy=F5 --advice:power=all --define=__MSP430FR5739__ --define=_MPU_ENABLE -g --printf_support=minimal --diag_warning=225 --diag_wrap=off --display_error_number --silicon_errata=CPU21 --silicon_errata=CPU22 --silicon_errata=CPU40 -z -m"test.map" --heap_size=160 --stack_size=160 --cinit_hold_wdt=on -i"D:/Texas Instruments/ccs/ccs_base/msp430/include" -i"D:/Texas Instruments/ccs/ccs_base/msp430/lib/5xx_6xx_FRxx" -i"D:/Texas Instruments/ccs/ccs_base/msp430/lib/FR57xx" -i"D:/Texas Instruments/ccs/tools/compiler/ti-cgt-msp430_18.12.2.LTS/lib" -i"D:/Texas Instruments/ccs/tools/compiler/ti-cgt-msp430_18.12.2.LTS/include" --priority --reread_libs --define=_MPU_ENABLE --diag_wrap=off --display_error_number --warn_sections --xml_link_info="test_linkInfo.xml" --use_hw_mpy=F5 --rom_model -o "test.out" "./main.obj" "../lnk_msp430fr5739.cmd"  -llibmpu_init_fr57xx.a -llibmath.a -llibc.a 
<Linking>
remark #10371-D: (ULP 1.1) Detected no uses of low power mode state changing instructions
remark #10372-D: (ULP 4.1) Detected uninitialized Port A in this project. Recommend initializing all unused ports to eliminate wasted current consumption on unused pins.
remark #10372-D: (ULP 4.1) Detected uninitialized Port B in this project. Recommend initializing all unused ports to eliminate wasted current consumption on unused pins.
Finished building target: "test.out"
 

**** Build Finished ****

**** Build of configuration Debug for project test ****

"D:\\Texas Instruments\\ccs\\utils\\bin\\gmake" -k -j 8 all -O 
 
Building file: "../main.c"
Invoking: MSP430 Compiler
"D:/Texas Instruments/ccs/tools/compiler/ti-cgt-msp430_18.12.2.LTS/bin/cl430" -vmspx --use_hw_mpy=F5 --include_path="D:/Texas Instruments/ccs/ccs_base/msp430/include" --include_path="D:/Texas Instruments/Projects/test" --include_path="D:/Texas Instruments/ccs/tools/compiler/ti-cgt-msp430_18.12.2.LTS/include" --advice:power=all --define=__MSP430FR5739__ --define=_MPU_ENABLE -g --printf_support=minimal --diag_warning=225 --diag_wrap=off --display_error_number --silicon_errata=CPU21 --silicon_errata=CPU22 --silicon_errata=CPU40 --preproc_with_compile --preproc_dependency="main.d_raw"  "../main.c"
"../main.c", line 64: warning #112-D: statement is unreachable
"../main.c", line 37: remark #1544-D: (ULP 13.1) Detected loop counting up. Recommend loops count down as detecting zeros is easier
"../main.c", line 37: remark #1527-D: (ULP 2.1) Detected SW delay loop using __no_operation. Recommend using a timer module instead
"../main.c", line 41: remark #1544-D: (ULP 13.1) Detected loop counting up. Recommend loops count down as detecting zeros is easier
"../main.c", line 41: remark #1527-D: (ULP 2.1) Detected SW delay loop using __no_operation. Recommend using a timer module instead
"../main.c", line 45: remark #1544-D: (ULP 13.1) Detected loop counting up. Recommend loops count down as detecting zeros is easier
"../main.c", line 45: remark #1527-D: (ULP 2.1) Detected SW delay loop using __no_operation. Recommend using a timer module instead
"../main.c", line 49: remark #1544-D: (ULP 13.1) Detected loop counting up. Recommend loops count down as detecting zeros is easier
"../main.c", line 49: remark #1527-D: (ULP 2.1) Detected SW delay loop using __no_operation. Recommend using a timer module instead
Finished building: "../main.c"
 
Building target: "test.out"
Invoking: MSP430 Linker
"D:/Texas Instruments/ccs/tools/compiler/ti-cgt-msp430_18.12.2.LTS/bin/cl430" -vmspx --use_hw_mpy=F5 --advice:power=all --define=__MSP430FR5739__ --define=_MPU_ENABLE -g --printf_support=minimal --diag_warning=225 --diag_wrap=off --display_error_number --silicon_errata=CPU21 --silicon_errata=CPU22 --silicon_errata=CPU40 -z -m"test.map" --heap_size=160 --stack_size=160 --cinit_hold_wdt=on -i"D:/Texas Instruments/ccs/ccs_base/msp430/include" -i"D:/Texas Instruments/ccs/ccs_base/msp430/lib/5xx_6xx_FRxx" -i"D:/Texas Instruments/ccs/ccs_base/msp430/lib/FR57xx" -i"D:/Texas Instruments/ccs/tools/compiler/ti-cgt-msp430_18.12.2.LTS/lib" -i"D:/Texas Instruments/ccs/tools/compiler/ti-cgt-msp430_18.12.2.LTS/include" --priority --reread_libs --define=_MPU_ENABLE --diag_wrap=off --display_error_number --warn_sections --xml_link_info="test_linkInfo.xml" --use_hw_mpy=F5 --rom_model -o "test.out" "./main.obj" "../lnk_msp430fr5739.cmd"  -llibmpu_init_fr57xx.a -llibmath.a -llibc.a 
<Linking>
remark #10371-D: (ULP 1.1) Detected no uses of low power mode state changing instructions
remark #10372-D: (ULP 4.1) Detected uninitialized Port A in this project. Recommend initializing all unused ports to eliminate wasted current consumption on unused pins.
remark #10372-D: (ULP 4.1) Detected uninitialized Port B in this project. Recommend initializing all unused ports to eliminate wasted current consumption on unused pins.
Finished building target: "test.out"
 

**** Build Finished ****

**** Build of configuration Debug for project test ****

"D:\\Texas Instruments\\ccs\\utils\\bin\\gmake" -k -j 8 all -O 
 
Building file: "../main.c"
Invoking: MSP430 Compiler
"D:/Texas Instruments/ccs/tools/compiler/ti-cgt-msp430_18.12.2.LTS/bin/cl430" -vmspx --use_hw_mpy=F5 --include_path="D:/Texas Instruments/ccs/ccs_base/msp430/include" --include_path="D:/Texas Instruments/Projects/test" --include_path="D:/Texas Instruments/ccs/tools/compiler/ti-cgt-msp430_18.12.2.LTS/include" --advice:power=all --define=__MSP430FR5739__ --define=_MPU_ENABLE -g --printf_support=minimal --diag_warning=225 --diag_wrap=off --display_error_number --silicon_errata=CPU21 --silicon_errata=CPU22 --silicon_errata=CPU40 --preproc_with_compile --preproc_dependency="main.d_raw"  "../main.c"
"../main.c", line 60: warning #112-D: statement is unreachable
"../main.c", line 37: remark #1544-D: (ULP 13.1) Detected loop counting up. Recommend loops count down as detecting zeros is easier
"../main.c", line 37: remark #1527-D: (ULP 2.1) Detected SW delay loop using __no_operation. Recommend using a timer module instead
"../main.c", line 40: remark #1544-D: (ULP 13.1) Detected loop counting up. Recommend loops count down as detecting zeros is easier
"../main.c", line 40: remark #1527-D: (ULP 2.1) Detected SW delay loop using __no_operation. Recommend using a timer module instead
"../main.c", line 43: remark #1544-D: (ULP 13.1) Detected loop counting up. Recommend loops count down as detecting zeros is easier
"../main.c", line 43: remark #1527-D: (ULP 2.1) Detected SW delay loop using __no_operation. Recommend using a timer module instead
"../main.c", line 46: remark #1544-D: (ULP 13.1) Detected loop counting up. Recommend loops count down as detecting zeros is easier
"../main.c", line 46: remark #1527-D: (ULP 2.1) Detected SW delay loop using __no_operation. Recommend using a timer module instead
"../main.c", line 49: remark #1544-D: (ULP 13.1) Detected loop counting up. Recommend loops count down as detecting zeros is easier
"../main.c", line 49: remark #1527-D: (ULP 2.1) Detected SW delay loop using __no_operation. Recommend using a timer module instead
"../main.c", line 52: remark #1544-D: (ULP 13.1) Detected loop counting up. Recommend loops count down as detecting zeros is easier
"../main.c", line 52: remark #1527-D: (ULP 2.1) Detected SW delay loop using __no_operation. Recommend using a timer module instead
"../main.c", line 55: remark #1544-D: (ULP 13.1) Detected loop counting up. Recommend loops count down as detecting zeros is easier
"../main.c", line 55: remark #1527-D: (ULP 2.1) Detected SW delay loop using __no_operation. Recommend using a timer module instead
Finished building: "../main.c"
 
Building target: "test.out"
Invoking: MSP430 Linker
"D:/Texas Instruments/ccs/tools/compiler/ti-cgt-msp430_18.12.2.LTS/bin/cl430" -vmspx --use_hw_mpy=F5 --advice:power=all --define=__MSP430FR5739__ --define=_MPU_ENABLE -g --printf_support=minimal --diag_warning=225 --diag_wrap=off --display_error_number --silicon_errata=CPU21 --silicon_errata=CPU22 --silicon_errata=CPU40 -z -m"test.map" --heap_size=160 --stack_size=160 --cinit_hold_wdt=on -i"D:/Texas Instruments/ccs/ccs_base/msp430/include" -i"D:/Texas Instruments/ccs/ccs_base/msp430/lib/5xx_6xx_FRxx" -i"D:/Texas Instruments/ccs/ccs_base/msp430/lib/FR57xx" -i"D:/Texas Instruments/ccs/tools/compiler/ti-cgt-msp430_18.12.2.LTS/lib" -i"D:/Texas Instruments/ccs/tools/compiler/ti-cgt-msp430_18.12.2.LTS/include" --priority --reread_libs --define=_MPU_ENABLE --diag_wrap=off --display_error_number --warn_sections --xml_link_info="test_linkInfo.xml" --use_hw_mpy=F5 --rom_model -o "test.out" "./main.obj" "../lnk_msp430fr5739.cmd"  -llibmpu_init_fr57xx.a -llibmath.a -llibc.a 
<Linking>
remark #10371-D: (ULP 1.1) Detected no uses of low power mode state changing instructions
remark #10372-D: (ULP 4.1) Detected uninitialized Port A in this project. Recommend initializing all unused ports to eliminate wasted current consumption on unused pins.
remark #10372-D: (ULP 4.1) Detected uninitialized Port B in this project. Recommend initializing all unused ports to eliminate wasted current consumption on unused pins.
Finished building target: "test.out"
 

**** Build Finished ****

**** Build of configuration Debug for project test ****

"D:\\Texas Instruments\\ccs\\utils\\bin\\gmake" -k -j 8 all -O 
 
Building file: "../main.c"
Invoking: MSP430 Compiler
"D:/Texas Instruments/ccs/tools/compiler/ti-cgt-msp430_18.12.2.LTS/bin/cl430" -vmspx --use_hw_mpy=F5 --include_path="D:/Texas Instruments/ccs/ccs_base/msp430/include" --include_path="D:/Texas Instruments/Projects/test" --include_path="D:/Texas Instruments/ccs/tools/compiler/ti-cgt-msp430_18.12.2.LTS/include" --advice:power=all --define=__MSP430FR5739__ --define=_MPU_ENABLE -g --printf_support=minimal --diag_warning=225 --diag_wrap=off --display_error_number --silicon_errata=CPU21 --silicon_errata=CPU22 --silicon_errata=CPU40 --preproc_with_compile --preproc_dependency="main.d_raw"  "../main.c"
"../main.c", line 62: warning #112-D: statement is unreachable
"../main.c", line 39: remark #1544-D: (ULP 13.1) Detected loop counting up. Recommend loops count down as detecting zeros is easier
"../main.c", line 39: remark #1527-D: (ULP 2.1) Detected SW delay loop using __no_operation. Recommend using a timer module instead
"../main.c", line 42: remark #1544-D: (ULP 13.1) Detected loop counting up. Recommend loops count down as detecting zeros is easier
"../main.c", line 42: remark #1527-D: (ULP 2.1) Detected SW delay loop using __no_operation. Recommend using a timer module instead
"../main.c", line 45: remark #1544-D: (ULP 13.1) Detected loop counting up. Recommend loops count down as detecting zeros is easier
"../main.c", line 45: remark #1527-D: (ULP 2.1) Detected SW delay loop using __no_operation. Recommend using a timer module instead
"../main.c", line 48: remark #1544-D: (ULP 13.1) Detected loop counting up. Recommend loops count down as detecting zeros is easier
"../main.c", line 48: remark #1527-D: (ULP 2.1) Detected SW delay loop using __no_operation. Recommend using a timer module instead
"../main.c", line 51: remark #1544-D: (ULP 13.1) Detected loop counting up. Recommend loops count down as detecting zeros is easier
"../main.c", line 51: remark #1527-D: (ULP 2.1) Detected SW delay loop using __no_operation. Recommend using a timer module instead
"../main.c", line 54: remark #1544-D: (ULP 13.1) Detected loop counting up. Recommend loops count down as detecting zeros is easier
"../main.c", line 54: remark #1527-D: (ULP 2.1) Detected SW delay loop using __no_operation. Recommend using a timer module instead
"../main.c", line 57: remark #1544-D: (ULP 13.1) Detected loop counting up. Recommend loops count down as detecting zeros is easier
"../main.c", line 57: remark #1527-D: (ULP 2.1) Detected SW delay loop using __no_operation. Recommend using a timer module instead
Finished building: "../main.c"
 
Building target: "test.out"
Invoking: MSP430 Linker
"D:/Texas Instruments/ccs/tools/compiler/ti-cgt-msp430_18.12.2.LTS/bin/cl430" -vmspx --use_hw_mpy=F5 --advice:power=all --define=__MSP430FR5739__ --define=_MPU_ENABLE -g --printf_support=minimal --diag_warning=225 --diag_wrap=off --display_error_number --silicon_errata=CPU21 --silicon_errata=CPU22 --silicon_errata=CPU40 -z -m"test.map" --heap_size=160 --stack_size=160 --cinit_hold_wdt=on -i"D:/Texas Instruments/ccs/ccs_base/msp430/include" -i"D:/Texas Instruments/ccs/ccs_base/msp430/lib/5xx_6xx_FRxx" -i"D:/Texas Instruments/ccs/ccs_base/msp430/lib/FR57xx" -i"D:/Texas Instruments/ccs/tools/compiler/ti-cgt-msp430_18.12.2.LTS/lib" -i"D:/Texas Instruments/ccs/tools/compiler/ti-cgt-msp430_18.12.2.LTS/include" --priority --reread_libs --define=_MPU_ENABLE --diag_wrap=off --display_error_number --warn_sections --xml_link_info="test_linkInfo.xml" --use_hw_mpy=F5 --rom_model -o "test.out" "./main.obj" "../lnk_msp430fr5739.cmd"  -llibmpu_init_fr57xx.a -llibmath.a -llibc.a 
<Linking>
remark #10371-D: (ULP 1.1) Detected no uses of low power mode state changing instructions
remark #10372-D: (ULP 4.1) Detected uninitialized Port A in this project. Recommend initializing all unused ports to eliminate wasted current consumption on unused pins.
remark #10372-D: (ULP 4.1) Detected uninitialized Port B in this project. Recommend initializing all unused ports to eliminate wasted current consumption on unused pins.
Finished building target: "test.out"
 

**** Build Finished ****

**** Build of configuration Debug for project test ****

"D:\\Texas Instruments\\ccs\\utils\\bin\\gmake" -k -j 8 all -O 
 
Building file: "../main.c"
Invoking: MSP430 Compiler
"D:/Texas Instruments/ccs/tools/compiler/ti-cgt-msp430_18.12.2.LTS/bin/cl430" -vmspx --use_hw_mpy=F5 --include_path="D:/Texas Instruments/ccs/ccs_base/msp430/include" --include_path="D:/Texas Instruments/Projects/test" --include_path="D:/Texas Instruments/ccs/tools/compiler/ti-cgt-msp430_18.12.2.LTS/include" --advice:power=all --define=__MSP430FR5739__ --define=_MPU_ENABLE -g --printf_support=minimal --diag_warning=225 --diag_wrap=off --display_error_number --silicon_errata=CPU21 --silicon_errata=CPU22 --silicon_errata=CPU40 --preproc_with_compile --preproc_dependency="main.d_raw"  "../main.c"
"../main.c", line 62: warning #112-D: statement is unreachable
"../main.c", line 39: remark #1544-D: (ULP 13.1) Detected loop counting up. Recommend loops count down as detecting zeros is easier
"../main.c", line 39: remark #1527-D: (ULP 2.1) Detected SW delay loop using __no_operation. Recommend using a timer module instead
"../main.c", line 42: remark #1544-D: (ULP 13.1) Detected loop counting up. Recommend loops count down as detecting zeros is easier
"../main.c", line 42: remark #1527-D: (ULP 2.1) Detected SW delay loop using __no_operation. Recommend using a timer module instead
"../main.c", line 45: remark #1544-D: (ULP 13.1) Detected loop counting up. Recommend loops count down as detecting zeros is easier
"../main.c", line 45: remark #1527-D: (ULP 2.1) Detected SW delay loop using __no_operation. Recommend using a timer module instead
"../main.c", line 48: remark #1544-D: (ULP 13.1) Detected loop counting up. Recommend loops count down as detecting zeros is easier
"../main.c", line 48: remark #1527-D: (ULP 2.1) Detected SW delay loop using __no_operation. Recommend using a timer module instead
Finished building: "../main.c"
 
Building target: "test.out"
Invoking: MSP430 Linker
"D:/Texas Instruments/ccs/tools/compiler/ti-cgt-msp430_18.12.2.LTS/bin/cl430" -vmspx --use_hw_mpy=F5 --advice:power=all --define=__MSP430FR5739__ --define=_MPU_ENABLE -g --printf_support=minimal --diag_warning=225 --diag_wrap=off --display_error_number --silicon_errata=CPU21 --silicon_errata=CPU22 --silicon_errata=CPU40 -z -m"test.map" --heap_size=160 --stack_size=160 --cinit_hold_wdt=on -i"D:/Texas Instruments/ccs/ccs_base/msp430/include" -i"D:/Texas Instruments/ccs/ccs_base/msp430/lib/5xx_6xx_FRxx" -i"D:/Texas Instruments/ccs/ccs_base/msp430/lib/FR57xx" -i"D:/Texas Instruments/ccs/tools/compiler/ti-cgt-msp430_18.12.2.LTS/lib" -i"D:/Texas Instruments/ccs/tools/compiler/ti-cgt-msp430_18.12.2.LTS/include" --priority --reread_libs --define=_MPU_ENABLE --diag_wrap=off --display_error_number --warn_sections --xml_link_info="test_linkInfo.xml" --use_hw_mpy=F5 --rom_model -o "test.out" "./main.obj" "../lnk_msp430fr5739.cmd"  -llibmpu_init_fr57xx.a -llibmath.a -llibc.a 
<Linking>
remark #10371-D: (ULP 1.1) Detected no uses of low power mode state changing instructions
remark #10372-D: (ULP 4.1) Detected uninitialized Port A in this project. Recommend initializing all unused ports to eliminate wasted current consumption on unused pins.
remark #10372-D: (ULP 4.1) Detected uninitialized Port B in this project. Recommend initializing all unused ports to eliminate wasted current consumption on unused pins.
Finished building target: "test.out"
 

**** Build Finished ****

**** Build of configuration Debug for project test ****

"D:\\Texas Instruments\\ccs\\utils\\bin\\gmake" -k -j 8 all -O 
 
Building file: "../main.c"
Invoking: MSP430 Compiler
"D:/Texas Instruments/ccs/tools/compiler/ti-cgt-msp430_18.12.2.LTS/bin/cl430" -vmspx --use_hw_mpy=F5 --include_path="D:/Texas Instruments/ccs/ccs_base/msp430/include" --include_path="D:/Texas Instruments/Projects/test" --include_path="D:/Texas Instruments/ccs/tools/compiler/ti-cgt-msp430_18.12.2.LTS/include" --advice:power=all --define=__MSP430FR5739__ --define=_MPU_ENABLE -g --printf_support=minimal --diag_warning=225 --diag_wrap=off --display_error_number --silicon_errata=CPU21 --silicon_errata=CPU22 --silicon_errata=CPU40 --preproc_with_compile --preproc_dependency="main.d_raw"  "../main.c"
"../main.c", line 62: warning #112-D: statement is unreachable
"../main.c", line 39: remark #1544-D: (ULP 13.1) Detected loop counting up. Recommend loops count down as detecting zeros is easier
"../main.c", line 39: remark #1527-D: (ULP 2.1) Detected SW delay loop using __no_operation. Recommend using a timer module instead
Finished building: "../main.c"
 
Building target: "test.out"
Invoking: MSP430 Linker
"D:/Texas Instruments/ccs/tools/compiler/ti-cgt-msp430_18.12.2.LTS/bin/cl430" -vmspx --use_hw_mpy=F5 --advice:power=all --define=__MSP430FR5739__ --define=_MPU_ENABLE -g --printf_support=minimal --diag_warning=225 --diag_wrap=off --display_error_number --silicon_errata=CPU21 --silicon_errata=CPU22 --silicon_errata=CPU40 -z -m"test.map" --heap_size=160 --stack_size=160 --cinit_hold_wdt=on -i"D:/Texas Instruments/ccs/ccs_base/msp430/include" -i"D:/Texas Instruments/ccs/ccs_base/msp430/lib/5xx_6xx_FRxx" -i"D:/Texas Instruments/ccs/ccs_base/msp430/lib/FR57xx" -i"D:/Texas Instruments/ccs/tools/compiler/ti-cgt-msp430_18.12.2.LTS/lib" -i"D:/Texas Instruments/ccs/tools/compiler/ti-cgt-msp430_18.12.2.LTS/include" --priority --reread_libs --define=_MPU_ENABLE --diag_wrap=off --display_error_number --warn_sections --xml_link_info="test_linkInfo.xml" --use_hw_mpy=F5 --rom_model -o "test.out" "./main.obj" "../lnk_msp430fr5739.cmd"  -llibmpu_init_fr57xx.a -llibmath.a -llibc.a 
<Linking>
remark #10371-D: (ULP 1.1) Detected no uses of low power mode state changing instructions
remark #10372-D: (ULP 4.1) Detected uninitialized Port A in this project. Recommend initializing all unused ports to eliminate wasted current consumption on unused pins.
remark #10372-D: (ULP 4.1) Detected uninitialized Port B in this project. Recommend initializing all unused ports to eliminate wasted current consumption on unused pins.
Finished building target: "test.out"
 

**** Build Finished ****

**** Build of configuration Debug for project test ****

"D:\\Texas Instruments\\ccs\\utils\\bin\\gmake" -k -j 8 all -O 
 
Building file: "../main.c"
Invoking: MSP430 Compiler
"D:/Texas Instruments/ccs/tools/compiler/ti-cgt-msp430_18.12.2.LTS/bin/cl430" -vmspx --use_hw_mpy=F5 --include_path="D:/Texas Instruments/ccs/ccs_base/msp430/include" --include_path="D:/Texas Instruments/Projects/test" --include_path="D:/Texas Instruments/ccs/tools/compiler/ti-cgt-msp430_18.12.2.LTS/include" --advice:power=all --define=__MSP430FR5739__ --define=_MPU_ENABLE -g --printf_support=minimal --diag_warning=225 --diag_wrap=off --display_error_number --silicon_errata=CPU21 --silicon_errata=CPU22 --silicon_errata=CPU40 --preproc_with_compile --preproc_dependency="main.d_raw"  "../main.c"
"../main.c", line 62: warning #112-D: statement is unreachable
"../main.c", line 39: remark #1544-D: (ULP 13.1) Detected loop counting up. Recommend loops count down as detecting zeros is easier
"../main.c", line 39: remark #1527-D: (ULP 2.1) Detected SW delay loop using __no_operation. Recommend using a timer module instead
Finished building: "../main.c"
 
Building target: "test.out"
Invoking: MSP430 Linker
"D:/Texas Instruments/ccs/tools/compiler/ti-cgt-msp430_18.12.2.LTS/bin/cl430" -vmspx --use_hw_mpy=F5 --advice:power=all --define=__MSP430FR5739__ --define=_MPU_ENABLE -g --printf_support=minimal --diag_warning=225 --diag_wrap=off --display_error_number --silicon_errata=CPU21 --silicon_errata=CPU22 --silicon_errata=CPU40 -z -m"test.map" --heap_size=160 --stack_size=160 --cinit_hold_wdt=on -i"D:/Texas Instruments/ccs/ccs_base/msp430/include" -i"D:/Texas Instruments/ccs/ccs_base/msp430/lib/5xx_6xx_FRxx" -i"D:/Texas Instruments/ccs/ccs_base/msp430/lib/FR57xx" -i"D:/Texas Instruments/ccs/tools/compiler/ti-cgt-msp430_18.12.2.LTS/lib" -i"D:/Texas Instruments/ccs/tools/compiler/ti-cgt-msp430_18.12.2.LTS/include" --priority --reread_libs --define=_MPU_ENABLE --diag_wrap=off --display_error_number --warn_sections --xml_link_info="test_linkInfo.xml" --use_hw_mpy=F5 --rom_model -o "test.out" "./main.obj" "../lnk_msp430fr5739.cmd"  -llibmpu_init_fr57xx.a -llibmath.a -llibc.a 
<Linking>
remark #10371-D: (ULP 1.1) Detected no uses of low power mode state changing instructions
remark #10372-D: (ULP 4.1) Detected uninitialized Port A in this project. Recommend initializing all unused ports to eliminate wasted current consumption on unused pins.
remark #10372-D: (ULP 4.1) Detected uninitialized Port B in this project. Recommend initializing all unused ports to eliminate wasted current consumption on unused pins.
Finished building target: "test.out"
 

**** Build Finished ****

**** Build of configuration Debug for project test ****

"D:\\Texas Instruments\\ccs\\utils\\bin\\gmake" -k -j 8 all -O 
 
Building file: "../main.c"
Invoking: MSP430 Compiler
"D:/Texas Instruments/ccs/tools/compiler/ti-cgt-msp430_18.12.2.LTS/bin/cl430" -vmspx --use_hw_mpy=F5 --include_path="D:/Texas Instruments/ccs/ccs_base/msp430/include" --include_path="D:/Texas Instruments/Projects/test" --include_path="D:/Texas Instruments/ccs/tools/compiler/ti-cgt-msp430_18.12.2.LTS/include" --advice:power=all --define=__MSP430FR5739__ --define=_MPU_ENABLE -g --printf_support=minimal --diag_warning=225 --diag_wrap=off --display_error_number --silicon_errata=CPU21 --silicon_errata=CPU22 --silicon_errata=CPU40 --preproc_with_compile --preproc_dependency="main.d_raw"  "../main.c"
"../main.c", line 62: warning #112-D: statement is unreachable
"../main.c", line 39: remark #1544-D: (ULP 13.1) Detected loop counting up. Recommend loops count down as detecting zeros is easier
"../main.c", line 39: remark #1527-D: (ULP 2.1) Detected SW delay loop using __no_operation. Recommend using a timer module instead
"../main.c", line 42: remark #1544-D: (ULP 13.1) Detected loop counting up. Recommend loops count down as detecting zeros is easier
"../main.c", line 42: remark #1527-D: (ULP 2.1) Detected SW delay loop using __no_operation. Recommend using a timer module instead
"../main.c", line 45: remark #1544-D: (ULP 13.1) Detected loop counting up. Recommend loops count down as detecting zeros is easier
"../main.c", line 45: remark #1527-D: (ULP 2.1) Detected SW delay loop using __no_operation. Recommend using a timer module instead
"../main.c", line 48: remark #1544-D: (ULP 13.1) Detected loop counting up. Recommend loops count down as detecting zeros is easier
"../main.c", line 48: remark #1527-D: (ULP 2.1) Detected SW delay loop using __no_operation. Recommend using a timer module instead
Finished building: "../main.c"
 
Building target: "test.out"
Invoking: MSP430 Linker
"D:/Texas Instruments/ccs/tools/compiler/ti-cgt-msp430_18.12.2.LTS/bin/cl430" -vmspx --use_hw_mpy=F5 --advice:power=all --define=__MSP430FR5739__ --define=_MPU_ENABLE -g --printf_support=minimal --diag_warning=225 --diag_wrap=off --display_error_number --silicon_errata=CPU21 --silicon_errata=CPU22 --silicon_errata=CPU40 -z -m"test.map" --heap_size=160 --stack_size=160 --cinit_hold_wdt=on -i"D:/Texas Instruments/ccs/ccs_base/msp430/include" -i"D:/Texas Instruments/ccs/ccs_base/msp430/lib/5xx_6xx_FRxx" -i"D:/Texas Instruments/ccs/ccs_base/msp430/lib/FR57xx" -i"D:/Texas Instruments/ccs/tools/compiler/ti-cgt-msp430_18.12.2.LTS/lib" -i"D:/Texas Instruments/ccs/tools/compiler/ti-cgt-msp430_18.12.2.LTS/include" --priority --reread_libs --define=_MPU_ENABLE --diag_wrap=off --display_error_number --warn_sections --xml_link_info="test_linkInfo.xml" --use_hw_mpy=F5 --rom_model -o "test.out" "./main.obj" "../lnk_msp430fr5739.cmd"  -llibmpu_init_fr57xx.a -llibmath.a -llibc.a 
<Linking>
remark #10371-D: (ULP 1.1) Detected no uses of low power mode state changing instructions
remark #10372-D: (ULP 4.1) Detected uninitialized Port A in this project. Recommend initializing all unused ports to eliminate wasted current consumption on unused pins.
remark #10372-D: (ULP 4.1) Detected uninitialized Port B in this project. Recommend initializing all unused ports to eliminate wasted current consumption on unused pins.
Finished building target: "test.out"
 

**** Build Finished ****

**** Build of configuration Debug for project test ****

"D:\\Texas Instruments\\ccs\\utils\\bin\\gmake" -k -j 8 all -O 
 
Building file: "../main.c"
Invoking: MSP430 Compiler
"D:/Texas Instruments/ccs/tools/compiler/ti-cgt-msp430_18.12.2.LTS/bin/cl430" -vmspx --use_hw_mpy=F5 --include_path="D:/Texas Instruments/ccs/ccs_base/msp430/include" --include_path="D:/Texas Instruments/Projects/test" --include_path="D:/Texas Instruments/ccs/tools/compiler/ti-cgt-msp430_18.12.2.LTS/include" --advice:power=all --define=__MSP430FR5739__ --define=_MPU_ENABLE -g --printf_support=minimal --diag_warning=225 --diag_wrap=off --display_error_number --silicon_errata=CPU21 --silicon_errata=CPU22 --silicon_errata=CPU40 --preproc_with_compile --preproc_dependency="main.d_raw"  "../main.c"
"../main.c", line 62: warning #112-D: statement is unreachable
"../main.c", line 39: remark #1544-D: (ULP 13.1) Detected loop counting up. Recommend loops count down as detecting zeros is easier
"../main.c", line 39: remark #1527-D: (ULP 2.1) Detected SW delay loop using __no_operation. Recommend using a timer module instead
"../main.c", line 42: remark #1544-D: (ULP 13.1) Detected loop counting up. Recommend loops count down as detecting zeros is easier
"../main.c", line 42: remark #1527-D: (ULP 2.1) Detected SW delay loop using __no_operation. Recommend using a timer module instead
"../main.c", line 45: remark #1544-D: (ULP 13.1) Detected loop counting up. Recommend loops count down as detecting zeros is easier
"../main.c", line 45: remark #1527-D: (ULP 2.1) Detected SW delay loop using __no_operation. Recommend using a timer module instead
"../main.c", line 48: remark #1544-D: (ULP 13.1) Detected loop counting up. Recommend loops count down as detecting zeros is easier
"../main.c", line 48: remark #1527-D: (ULP 2.1) Detected SW delay loop using __no_operation. Recommend using a timer module instead
Finished building: "../main.c"
 
Building target: "test.out"
Invoking: MSP430 Linker
"D:/Texas Instruments/ccs/tools/compiler/ti-cgt-msp430_18.12.2.LTS/bin/cl430" -vmspx --use_hw_mpy=F5 --advice:power=all --define=__MSP430FR5739__ --define=_MPU_ENABLE -g --printf_support=minimal --diag_warning=225 --diag_wrap=off --display_error_number --silicon_errata=CPU21 --silicon_errata=CPU22 --silicon_errata=CPU40 -z -m"test.map" --heap_size=160 --stack_size=160 --cinit_hold_wdt=on -i"D:/Texas Instruments/ccs/ccs_base/msp430/include" -i"D:/Texas Instruments/ccs/ccs_base/msp430/lib/5xx_6xx_FRxx" -i"D:/Texas Instruments/ccs/ccs_base/msp430/lib/FR57xx" -i"D:/Texas Instruments/ccs/tools/compiler/ti-cgt-msp430_18.12.2.LTS/lib" -i"D:/Texas Instruments/ccs/tools/compiler/ti-cgt-msp430_18.12.2.LTS/include" --priority --reread_libs --define=_MPU_ENABLE --diag_wrap=off --display_error_number --warn_sections --xml_link_info="test_linkInfo.xml" --use_hw_mpy=F5 --rom_model -o "test.out" "./main.obj" "../lnk_msp430fr5739.cmd"  -llibmpu_init_fr57xx.a -llibmath.a -llibc.a 
<Linking>
remark #10371-D: (ULP 1.1) Detected no uses of low power mode state changing instructions
remark #10372-D: (ULP 4.1) Detected uninitialized Port A in this project. Recommend initializing all unused ports to eliminate wasted current consumption on unused pins.
remark #10372-D: (ULP 4.1) Detected uninitialized Port B in this project. Recommend initializing all unused ports to eliminate wasted current consumption on unused pins.
Finished building target: "test.out"
 

**** Build Finished ****

**** Build of configuration Debug for project test ****

"D:\\Texas Instruments\\ccs\\utils\\bin\\gmake" -k -j 8 all -O 
 
Building file: "../main.c"
Invoking: MSP430 Compiler
"D:/Texas Instruments/ccs/tools/compiler/ti-cgt-msp430_18.12.2.LTS/bin/cl430" -vmspx --use_hw_mpy=F5 --include_path="D:/Texas Instruments/ccs/ccs_base/msp430/include" --include_path="D:/Texas Instruments/Projects/test" --include_path="D:/Texas Instruments/ccs/tools/compiler/ti-cgt-msp430_18.12.2.LTS/include" --advice:power=all --define=__MSP430FR5739__ --define=_MPU_ENABLE -g --printf_support=minimal --diag_warning=225 --diag_wrap=off --display_error_number --silicon_errata=CPU21 --silicon_errata=CPU22 --silicon_errata=CPU40 --preproc_with_compile --preproc_dependency="main.d_raw"  "../main.c"
"../main.c", line 68: warning #112-D: statement is unreachable
"../main.c", line 45: remark #1544-D: (ULP 13.1) Detected loop counting up. Recommend loops count down as detecting zeros is easier
"../main.c", line 45: remark #1527-D: (ULP 2.1) Detected SW delay loop using __no_operation. Recommend using a timer module instead
"../main.c", line 48: remark #1544-D: (ULP 13.1) Detected loop counting up. Recommend loops count down as detecting zeros is easier
"../main.c", line 48: remark #1527-D: (ULP 2.1) Detected SW delay loop using __no_operation. Recommend using a timer module instead
"../main.c", line 51: remark #1544-D: (ULP 13.1) Detected loop counting up. Recommend loops count down as detecting zeros is easier
"../main.c", line 51: remark #1527-D: (ULP 2.1) Detected SW delay loop using __no_operation. Recommend using a timer module instead
"../main.c", line 54: remark #1544-D: (ULP 13.1) Detected loop counting up. Recommend loops count down as detecting zeros is easier
"../main.c", line 54: remark #1527-D: (ULP 2.1) Detected SW delay loop using __no_operation. Recommend using a timer module instead
Finished building: "../main.c"
 
Building target: "test.out"
Invoking: MSP430 Linker
"D:/Texas Instruments/ccs/tools/compiler/ti-cgt-msp430_18.12.2.LTS/bin/cl430" -vmspx --use_hw_mpy=F5 --advice:power=all --define=__MSP430FR5739__ --define=_MPU_ENABLE -g --printf_support=minimal --diag_warning=225 --diag_wrap=off --display_error_number --silicon_errata=CPU21 --silicon_errata=CPU22 --silicon_errata=CPU40 -z -m"test.map" --heap_size=160 --stack_size=160 --cinit_hold_wdt=on -i"D:/Texas Instruments/ccs/ccs_base/msp430/include" -i"D:/Texas Instruments/ccs/ccs_base/msp430/lib/5xx_6xx_FRxx" -i"D:/Texas Instruments/ccs/ccs_base/msp430/lib/FR57xx" -i"D:/Texas Instruments/ccs/tools/compiler/ti-cgt-msp430_18.12.2.LTS/lib" -i"D:/Texas Instruments/ccs/tools/compiler/ti-cgt-msp430_18.12.2.LTS/include" --priority --reread_libs --define=_MPU_ENABLE --diag_wrap=off --display_error_number --warn_sections --xml_link_info="test_linkInfo.xml" --use_hw_mpy=F5 --rom_model -o "test.out" "./main.obj" "../lnk_msp430fr5739.cmd"  -llibmpu_init_fr57xx.a -llibmath.a -llibc.a 
<Linking>
remark #10371-D: (ULP 1.1) Detected no uses of low power mode state changing instructions
remark #10372-D: (ULP 4.1) Detected uninitialized Port A in this project. Recommend initializing all unused ports to eliminate wasted current consumption on unused pins.
remark #10372-D: (ULP 4.1) Detected uninitialized Port B in this project. Recommend initializing all unused ports to eliminate wasted current consumption on unused pins.
Finished building target: "test.out"
 

**** Build Finished ****

**** Build of configuration Debug for project test ****

"D:\\Texas Instruments\\ccs\\utils\\bin\\gmake" -k -j 8 all -O 
 
gmake[1]: 'test.out' is up to date.

**** Build Finished ****

**** Build of configuration Debug for project test ****

"D:\\Texas Instruments\\ccs\\utils\\bin\\gmake" -k -j 8 all -O 
 
Building file: "../main.c"
Invoking: MSP430 Compiler
"D:/Texas Instruments/ccs/tools/compiler/ti-cgt-msp430_18.12.2.LTS/bin/cl430" -vmspx --use_hw_mpy=F5 --include_path="D:/Texas Instruments/ccs/ccs_base/msp430/include" --include_path="D:/Texas Instruments/Projects/test" --include_path="D:/Texas Instruments/ccs/tools/compiler/ti-cgt-msp430_18.12.2.LTS/include" --advice:power=all --define=__MSP430FR5739__ --define=_MPU_ENABLE -g --printf_support=minimal --diag_warning=225 --diag_wrap=off --display_error_number --silicon_errata=CPU21 --silicon_errata=CPU22 --silicon_errata=CPU40 --preproc_with_compile --preproc_dependency="main.d_raw"  "../main.c"
"../main.c", line 62: warning #112-D: statement is unreachable
"../main.c", line 39: remark #1544-D: (ULP 13.1) Detected loop counting up. Recommend loops count down as detecting zeros is easier
"../main.c", line 39: remark #1527-D: (ULP 2.1) Detected SW delay loop using __no_operation. Recommend using a timer module instead
"../main.c", line 42: remark #1544-D: (ULP 13.1) Detected loop counting up. Recommend loops count down as detecting zeros is easier
"../main.c", line 42: remark #1527-D: (ULP 2.1) Detected SW delay loop using __no_operation. Recommend using a timer module instead
"../main.c", line 45: remark #1544-D: (ULP 13.1) Detected loop counting up. Recommend loops count down as detecting zeros is easier
"../main.c", line 45: remark #1527-D: (ULP 2.1) Detected SW delay loop using __no_operation. Recommend using a timer module instead
"../main.c", line 48: remark #1544-D: (ULP 13.1) Detected loop counting up. Recommend loops count down as detecting zeros is easier
"../main.c", line 48: remark #1527-D: (ULP 2.1) Detected SW delay loop using __no_operation. Recommend using a timer module instead
Finished building: "../main.c"
 
Building target: "test.out"
Invoking: MSP430 Linker
"D:/Texas Instruments/ccs/tools/compiler/ti-cgt-msp430_18.12.2.LTS/bin/cl430" -vmspx --use_hw_mpy=F5 --advice:power=all --define=__MSP430FR5739__ --define=_MPU_ENABLE -g --printf_support=minimal --diag_warning=225 --diag_wrap=off --display_error_number --silicon_errata=CPU21 --silicon_errata=CPU22 --silicon_errata=CPU40 -z -m"test.map" --heap_size=160 --stack_size=160 --cinit_hold_wdt=on -i"D:/Texas Instruments/ccs/ccs_base/msp430/include" -i"D:/Texas Instruments/ccs/ccs_base/msp430/lib/5xx_6xx_FRxx" -i"D:/Texas Instruments/ccs/ccs_base/msp430/lib/FR57xx" -i"D:/Texas Instruments/ccs/tools/compiler/ti-cgt-msp430_18.12.2.LTS/lib" -i"D:/Texas Instruments/ccs/tools/compiler/ti-cgt-msp430_18.12.2.LTS/include" --priority --reread_libs --define=_MPU_ENABLE --diag_wrap=off --display_error_number --warn_sections --xml_link_info="test_linkInfo.xml" --use_hw_mpy=F5 --rom_model -o "test.out" "./main.obj" "../lnk_msp430fr5739.cmd"  -llibmpu_init_fr57xx.a -llibmath.a -llibc.a 
<Linking>
remark #10371-D: (ULP 1.1) Detected no uses of low power mode state changing instructions
remark #10372-D: (ULP 4.1) Detected uninitialized Port A in this project. Recommend initializing all unused ports to eliminate wasted current consumption on unused pins.
remark #10372-D: (ULP 4.1) Detected uninitialized Port B in this project. Recommend initializing all unused ports to eliminate wasted current consumption on unused pins.
Finished building target: "test.out"
 

**** Build Finished ****

**** Build of configuration Debug for project test ****

"D:\\Texas Instruments\\ccs\\utils\\bin\\gmake" -k -j 8 all -O 
 
Building file: "../main.c"
Invoking: MSP430 Compiler
"D:/Texas Instruments/ccs/tools/compiler/ti-cgt-msp430_18.12.2.LTS/bin/cl430" -vmspx --use_hw_mpy=F5 --include_path="D:/Texas Instruments/ccs/ccs_base/msp430/include" --include_path="D:/Texas Instruments/Projects/test" --include_path="D:/Texas Instruments/ccs/tools/compiler/ti-cgt-msp430_18.12.2.LTS/include" --advice:power=all --define=__MSP430FR5739__ --define=_MPU_ENABLE -g --printf_support=minimal --diag_warning=225 --diag_wrap=off --display_error_number --silicon_errata=CPU21 --silicon_errata=CPU22 --silicon_errata=CPU40 --preproc_with_compile --preproc_dependency="main.d_raw"  "../main.c"
"../main.c", line 59: warning #112-D: statement is unreachable
"../main.c", line 36: remark #1544-D: (ULP 13.1) Detected loop counting up. Recommend loops count down as detecting zeros is easier
"../main.c", line 36: remark #1527-D: (ULP 2.1) Detected SW delay loop using __no_operation. Recommend using a timer module instead
"../main.c", line 39: remark #1544-D: (ULP 13.1) Detected loop counting up. Recommend loops count down as detecting zeros is easier
"../main.c", line 39: remark #1527-D: (ULP 2.1) Detected SW delay loop using __no_operation. Recommend using a timer module instead
"../main.c", line 42: remark #1544-D: (ULP 13.1) Detected loop counting up. Recommend loops count down as detecting zeros is easier
"../main.c", line 42: remark #1527-D: (ULP 2.1) Detected SW delay loop using __no_operation. Recommend using a timer module instead
"../main.c", line 45: remark #1544-D: (ULP 13.1) Detected loop counting up. Recommend loops count down as detecting zeros is easier
"../main.c", line 45: remark #1527-D: (ULP 2.1) Detected SW delay loop using __no_operation. Recommend using a timer module instead
Finished building: "../main.c"
 
Building target: "test.out"
Invoking: MSP430 Linker
"D:/Texas Instruments/ccs/tools/compiler/ti-cgt-msp430_18.12.2.LTS/bin/cl430" -vmspx --use_hw_mpy=F5 --advice:power=all --define=__MSP430FR5739__ --define=_MPU_ENABLE -g --printf_support=minimal --diag_warning=225 --diag_wrap=off --display_error_number --silicon_errata=CPU21 --silicon_errata=CPU22 --silicon_errata=CPU40 -z -m"test.map" --heap_size=160 --stack_size=160 --cinit_hold_wdt=on -i"D:/Texas Instruments/ccs/ccs_base/msp430/include" -i"D:/Texas Instruments/ccs/ccs_base/msp430/lib/5xx_6xx_FRxx" -i"D:/Texas Instruments/ccs/ccs_base/msp430/lib/FR57xx" -i"D:/Texas Instruments/ccs/tools/compiler/ti-cgt-msp430_18.12.2.LTS/lib" -i"D:/Texas Instruments/ccs/tools/compiler/ti-cgt-msp430_18.12.2.LTS/include" --priority --reread_libs --define=_MPU_ENABLE --diag_wrap=off --display_error_number --warn_sections --xml_link_info="test_linkInfo.xml" --use_hw_mpy=F5 --rom_model -o "test.out" "./main.obj" "../lnk_msp430fr5739.cmd"  -llibmpu_init_fr57xx.a -llibmath.a -llibc.a 
<Linking>
remark #10371-D: (ULP 1.1) Detected no uses of low power mode state changing instructions
remark #10372-D: (ULP 4.1) Detected uninitialized Port A in this project. Recommend initializing all unused ports to eliminate wasted current consumption on unused pins.
remark #10372-D: (ULP 4.1) Detected uninitialized Port B in this project. Recommend initializing all unused ports to eliminate wasted current consumption on unused pins.
Finished building target: "test.out"
 

**** Build Finished ****
